2023-01-13 21:26:27,778 [Worker-5: Loading available Gradle versions] INFO  o.e.b.c.i.u.g.PublishedGradleVersions - Gradle version information cache is up-to-date. Trying to read.
2023-01-14 21:16:07,325 [Worker-2: Loading available Gradle versions] INFO  o.e.b.c.i.u.g.PublishedGradleVersions - Gradle version information cache is up-to-date. Trying to read.
2023-01-17 21:23:54,308 [Worker-3: Loading available Gradle versions] INFO  o.e.b.c.i.u.g.PublishedGradleVersions - Gradle version information cache is up-to-date. Trying to read.
2023-01-17 21:27:48,968 [Worker-3: Auto share git projects] WARN  org.eclipse.jgit.util.FS_Win32 - null
2023-01-18 21:19:31,410 [Worker-2: Loading available Gradle versions] INFO  o.e.b.c.i.u.g.PublishedGradleVersions - Gradle version information cache is up-to-date. Trying to read.
2023-01-18 21:19:39,798 [Worker-1: Decoration Calculation] WARN  org.eclipse.jgit.util.FS_Win32 - null
2023-01-21 21:39:55,847 [Worker-2: Loading available Gradle versions] INFO  o.e.b.c.i.u.g.PublishedGradleVersions - Gradle version information cache is up-to-date. Trying to read.
2023-01-21 21:40:42,654 [Worker-1: Decoration Calculation] WARN  org.eclipse.jgit.util.FS_Win32 - null
2023-01-25 21:28:25,555 [Worker-1: Loading available Gradle versions] INFO  o.e.b.c.i.u.g.PublishedGradleVersions - Gradle version information cache is up-to-date. Trying to read.
2023-01-25 21:28:41,655 [Worker-2: Decoration Calculation] WARN  org.eclipse.jgit.util.FS_Win32 - null
2023-01-25 22:17:35,182 [Worker-31: Creating maven-archetype-quickstart] INFO  o.e.m.c.i.p.ProjectConfigurationManager - Collecting project info '/pom.xml' D:\ConveyLabOnline\AdvanceJava915PM\HibernateMaven\pom.xml
2023-01-25 22:18:02,648 [Worker-31: Creating maven-archetype-quickstart] INFO  o.e.m.c.i.l.LifecycleMappingFactory - Using org.eclipse.m2e.jdt.JarLifecycleMapping lifecycle mapping for MavenProject: com.xyz:HibernateMaven:0.0.1-SNAPSHOT @ D:\ConveyLabOnline\AdvanceJava915PM\HibernateMaven\pom.xml.
2023-01-25 22:18:29,082 [Worker-31: Creating maven-archetype-quickstart] INFO  o.e.m.j.i.AbstractJavaProjectConfigurator - Adding source folder /HibernateMaven/src/main/java
2023-01-25 22:18:29,128 [Worker-31: Creating maven-archetype-quickstart] INFO  o.e.m.j.i.AbstractJavaProjectConfigurator - Adding source folder /HibernateMaven/src/test/java
2023-01-25 22:18:31,002 [Worker-31: Creating maven-archetype-quickstart] INFO  o.e.m.c.i.p.ProjectConfigurationManager - Imported and configured 1 project(s) in 55 sec
2023-01-25 22:18:33,179 [Worker-30: Building] INFO  o.e.m.c.i.embedder.EclipseLogger - Using 'UTF-8' encoding to copy filtered resources.
2023-01-25 22:18:33,181 [Worker-30: Building] INFO  o.e.m.c.i.embedder.EclipseLogger - skip non existing resourceDirectory D:\ConveyLabOnline\AdvanceJava915PM\HibernateMaven\src\main\resources
2023-01-25 22:18:33,190 [Worker-30: Building] INFO  o.e.m.c.i.embedder.EclipseLogger - Using 'UTF-8' encoding to copy filtered resources.
2023-01-25 22:18:33,194 [Worker-30: Building] INFO  o.e.m.c.i.embedder.EclipseLogger - skip non existing resourceDirectory D:\ConveyLabOnline\AdvanceJava915PM\HibernateMaven\src\test\resources
2023-01-27 21:26:03,825 [Worker-4: Loading available Gradle versions] INFO  o.e.b.c.i.u.g.PublishedGradleVersions - Gradle version information cache is up-to-date. Trying to read.
2023-01-27 21:26:09,107 [Worker-1: Decoration Calculation] WARN  org.eclipse.jgit.util.FS_Win32 - null
2023-01-27 21:42:29,354 [Worker-12: Building] INFO  o.e.m.c.i.l.LifecycleMappingFactory - Using org.eclipse.m2e.jdt.JarLifecycleMapping lifecycle mapping for MavenProject: com.xyz:HibernateMaven:0.0.1-SNAPSHOT @ D:\ConveyLabOnline\AdvanceJava915PM\HibernateMaven\pom.xml.
2023-01-27 21:42:48,070 [Worker-12: Building] INFO  o.e.m.c.i.embedder.EclipseLogger - Using 'UTF-8' encoding to copy filtered resources.
2023-01-27 21:42:48,071 [Worker-12: Building] INFO  o.e.m.c.i.embedder.EclipseLogger - skip non existing resourceDirectory D:\ConveyLabOnline\AdvanceJava915PM\HibernateMaven\src\main\resources
2023-01-27 21:42:48,080 [Worker-12: Building] INFO  o.e.m.c.i.embedder.EclipseLogger - Using 'UTF-8' encoding to copy filtered resources.
2023-01-27 21:42:48,080 [Worker-12: Building] INFO  o.e.m.c.i.embedder.EclipseLogger - skip non existing resourceDirectory D:\ConveyLabOnline\AdvanceJava915PM\HibernateMaven\src\test\resources
2023-01-27 21:42:54,963 [Worker-16: Building] INFO  o.e.m.c.i.embedder.EclipseLogger - Using 'UTF-8' encoding to copy filtered resources.
2023-01-27 21:42:54,964 [Worker-16: Building] INFO  o.e.m.c.i.embedder.EclipseLogger - skip non existing resourceDirectory D:\ConveyLabOnline\AdvanceJava915PM\HibernateMaven\src\main\resources
2023-01-27 21:42:54,984 [Worker-16: Building] INFO  o.e.m.c.i.embedder.EclipseLogger - Using 'UTF-8' encoding to copy filtered resources.
2023-01-27 21:42:54,985 [Worker-16: Building] INFO  o.e.m.c.i.embedder.EclipseLogger - skip non existing resourceDirectory D:\ConveyLabOnline\AdvanceJava915PM\HibernateMaven\src\test\resources
2023-01-27 21:44:06,867 [Worker-14: Building] INFO  o.e.m.c.i.embedder.EclipseLogger - Using 'UTF-8' encoding to copy filtered resources.
2023-01-27 21:44:06,871 [Worker-14: Building] INFO  o.e.m.c.i.embedder.EclipseLogger - skip non existing resourceDirectory D:\ConveyLabOnline\AdvanceJava915PM\HibernateMaven\src\main\resources
2023-01-27 21:44:06,898 [Worker-14: Building] INFO  o.e.m.c.i.embedder.EclipseLogger - Using 'UTF-8' encoding to copy filtered resources.
2023-01-27 21:44:06,899 [Worker-14: Building] INFO  o.e.m.c.i.embedder.EclipseLogger - skip non existing resourceDirectory D:\ConveyLabOnline\AdvanceJava915PM\HibernateMaven\src\test\resources
2023-01-27 21:44:08,239 [Worker-13: Building] INFO  o.e.m.c.i.embedder.EclipseLogger - Using 'UTF-8' encoding to copy filtered resources.
2023-01-27 21:44:08,241 [Worker-13: Building] INFO  o.e.m.c.i.embedder.EclipseLogger - skip non existing resourceDirectory D:\ConveyLabOnline\AdvanceJava915PM\HibernateMaven\src\main\resources
2023-01-27 21:44:08,244 [Worker-13: Building] INFO  o.e.m.c.i.embedder.EclipseLogger - Using 'UTF-8' encoding to copy filtered resources.
2023-01-27 21:44:08,266 [Worker-13: Building] INFO  o.e.m.c.i.embedder.EclipseLogger - skip non existing resourceDirectory D:\ConveyLabOnline\AdvanceJava915PM\HibernateMaven\src\test\resources
2023-01-27 21:44:24,298 [Worker-12: Building] INFO  o.e.m.c.i.embedder.EclipseLogger - Using 'UTF-8' encoding to copy filtered resources.
2023-01-27 21:44:24,299 [Worker-12: Building] INFO  o.e.m.c.i.embedder.EclipseLogger - skip non existing resourceDirectory D:\ConveyLabOnline\AdvanceJava915PM\HibernateMaven\src\main\resources
2023-01-27 21:44:24,306 [Worker-12: Building] INFO  o.e.m.c.i.embedder.EclipseLogger - Using 'UTF-8' encoding to copy filtered resources.
2023-01-27 21:44:24,307 [Worker-12: Building] INFO  o.e.m.c.i.embedder.EclipseLogger - skip non existing resourceDirectory D:\ConveyLabOnline\AdvanceJava915PM\HibernateMaven\src\test\resources
2023-01-27 21:44:57,688 [Worker-16: Building] INFO  o.e.m.c.i.embedder.EclipseLogger - Using 'UTF-8' encoding to copy filtered resources.
2023-01-27 21:44:57,688 [Worker-16: Building] INFO  o.e.m.c.i.embedder.EclipseLogger - skip non existing resourceDirectory D:\ConveyLabOnline\AdvanceJava915PM\HibernateMaven\src\main\resources
2023-01-27 21:44:57,701 [Worker-16: Building] INFO  o.e.m.c.i.embedder.EclipseLogger - Using 'UTF-8' encoding to copy filtered resources.
2023-01-27 21:44:57,701 [Worker-16: Building] INFO  o.e.m.c.i.embedder.EclipseLogger - skip non existing resourceDirectory D:\ConveyLabOnline\AdvanceJava915PM\HibernateMaven\src\test\resources
2023-01-27 21:45:35,556 [Worker-14: Building] INFO  o.e.m.c.i.embedder.EclipseLogger - Using 'UTF-8' encoding to copy filtered resources.
2023-01-27 21:45:35,556 [Worker-14: Building] INFO  o.e.m.c.i.embedder.EclipseLogger - skip non existing resourceDirectory D:\ConveyLabOnline\AdvanceJava915PM\HibernateMaven\src\main\resources
2023-01-27 21:45:35,571 [Worker-14: Building] INFO  o.e.m.c.i.embedder.EclipseLogger - Using 'UTF-8' encoding to copy filtered resources.
2023-01-27 21:45:35,572 [Worker-14: Building] INFO  o.e.m.c.i.embedder.EclipseLogger - skip non existing resourceDirectory D:\ConveyLabOnline\AdvanceJava915PM\HibernateMaven\src\test\resources
2023-01-27 21:46:10,211 [Worker-15: Building] INFO  o.e.m.c.i.embedder.EclipseLogger - Using 'UTF-8' encoding to copy filtered resources.
2023-01-27 21:46:10,219 [Worker-15: Building] INFO  o.e.m.c.i.embedder.EclipseLogger - skip non existing resourceDirectory D:\ConveyLabOnline\AdvanceJava915PM\HibernateMaven\src\main\resources
2023-01-27 21:46:10,277 [Worker-15: Building] INFO  o.e.m.c.i.embedder.EclipseLogger - Using 'UTF-8' encoding to copy filtered resources.
2023-01-27 21:46:10,280 [Worker-15: Building] INFO  o.e.m.c.i.embedder.EclipseLogger - skip non existing resourceDirectory D:\ConveyLabOnline\AdvanceJava915PM\HibernateMaven\src\test\resources
2023-01-27 21:47:06,396 [Worker-15: Building] INFO  o.e.m.c.i.embedder.EclipseLogger - Using 'UTF-8' encoding to copy filtered resources.
2023-01-27 21:47:06,397 [Worker-15: Building] INFO  o.e.m.c.i.embedder.EclipseLogger - skip non existing resourceDirectory D:\ConveyLabOnline\AdvanceJava915PM\HibernateMaven\src\main\resources
2023-01-27 21:47:06,408 [Worker-15: Building] INFO  o.e.m.c.i.embedder.EclipseLogger - Using 'UTF-8' encoding to copy filtered resources.
2023-01-27 21:47:06,408 [Worker-15: Building] INFO  o.e.m.c.i.embedder.EclipseLogger - skip non existing resourceDirectory D:\ConveyLabOnline\AdvanceJava915PM\HibernateMaven\src\test\resources
2023-01-27 21:47:37,200 [Worker-13: Building] INFO  o.e.m.c.i.embedder.EclipseLogger - Using 'UTF-8' encoding to copy filtered resources.
2023-01-27 21:47:37,201 [Worker-13: Building] INFO  o.e.m.c.i.embedder.EclipseLogger - skip non existing resourceDirectory D:\ConveyLabOnline\AdvanceJava915PM\HibernateMaven\src\main\resources
2023-01-27 21:47:37,210 [Worker-13: Building] INFO  o.e.m.c.i.embedder.EclipseLogger - Using 'UTF-8' encoding to copy filtered resources.
2023-01-27 21:47:37,210 [Worker-13: Building] INFO  o.e.m.c.i.embedder.EclipseLogger - skip non existing resourceDirectory D:\ConveyLabOnline\AdvanceJava915PM\HibernateMaven\src\test\resources
2023-01-27 21:47:53,997 [Worker-13: Building] INFO  o.e.m.c.i.embedder.EclipseLogger - Using 'UTF-8' encoding to copy filtered resources.
2023-01-27 21:47:53,997 [Worker-13: Building] INFO  o.e.m.c.i.embedder.EclipseLogger - skip non existing resourceDirectory D:\ConveyLabOnline\AdvanceJava915PM\HibernateMaven\src\main\resources
2023-01-27 21:47:54,021 [Worker-13: Building] INFO  o.e.m.c.i.embedder.EclipseLogger - Using 'UTF-8' encoding to copy filtered resources.
2023-01-27 21:47:54,022 [Worker-13: Building] INFO  o.e.m.c.i.embedder.EclipseLogger - skip non existing resourceDirectory D:\ConveyLabOnline\AdvanceJava915PM\HibernateMaven\src\test\resources
2023-01-27 21:48:31,505 [Worker-4: Building] INFO  o.e.m.c.i.embedder.EclipseLogger - Using 'UTF-8' encoding to copy filtered resources.
2023-01-27 21:48:31,506 [Worker-4: Building] INFO  o.e.m.c.i.embedder.EclipseLogger - skip non existing resourceDirectory D:\ConveyLabOnline\AdvanceJava915PM\HibernateMaven\src\main\resources
2023-01-27 21:48:31,521 [Worker-4: Building] INFO  o.e.m.c.i.embedder.EclipseLogger - Using 'UTF-8' encoding to copy filtered resources.
2023-01-27 21:48:31,522 [Worker-4: Building] INFO  o.e.m.c.i.embedder.EclipseLogger - skip non existing resourceDirectory D:\ConveyLabOnline\AdvanceJava915PM\HibernateMaven\src\test\resources
2023-01-27 21:49:14,446 [Worker-14: Building] INFO  o.e.m.c.i.embedder.EclipseLogger - Using 'UTF-8' encoding to copy filtered resources.
2023-01-27 21:49:14,447 [Worker-14: Building] INFO  o.e.m.c.i.embedder.EclipseLogger - skip non existing resourceDirectory D:\ConveyLabOnline\AdvanceJava915PM\HibernateMaven\src\main\resources
2023-01-27 21:49:14,453 [Worker-14: Building] INFO  o.e.m.c.i.embedder.EclipseLogger - Using 'UTF-8' encoding to copy filtered resources.
2023-01-27 21:49:14,454 [Worker-14: Building] INFO  o.e.m.c.i.embedder.EclipseLogger - skip non existing resourceDirectory D:\ConveyLabOnline\AdvanceJava915PM\HibernateMaven\src\test\resources
2023-01-27 21:49:50,901 [Worker-13: Building] INFO  o.e.m.c.i.embedder.EclipseLogger - Using 'UTF-8' encoding to copy filtered resources.
2023-01-27 21:49:50,904 [Worker-13: Building] INFO  o.e.m.c.i.embedder.EclipseLogger - skip non existing resourceDirectory D:\ConveyLabOnline\AdvanceJava915PM\HibernateMaven\src\main\resources
2023-01-27 21:49:50,911 [Worker-13: Building] INFO  o.e.m.c.i.embedder.EclipseLogger - Using 'UTF-8' encoding to copy filtered resources.
2023-01-27 21:49:50,912 [Worker-13: Building] INFO  o.e.m.c.i.embedder.EclipseLogger - skip non existing resourceDirectory D:\ConveyLabOnline\AdvanceJava915PM\HibernateMaven\src\test\resources
2023-01-28 21:27:26,738 [Worker-2: Loading available Gradle versions] INFO  o.e.b.c.i.u.g.PublishedGradleVersions - Gradle version information cache is out-of-date. Trying to update.
2023-01-28 21:27:33,315 [Worker-1: Decoration Calculation] WARN  org.eclipse.jgit.util.FS_Win32 - null
2023-01-29 21:22:19,528 [Worker-1: Loading available Gradle versions] INFO  o.e.b.c.i.u.g.PublishedGradleVersions - Gradle version information cache is up-to-date. Trying to read.
2023-01-29 21:22:22,516 [Worker-3: Decoration Calculation] WARN  org.eclipse.jgit.util.FS_Win32 - null
